<?xml version="1.0" encoding="UTF-8"?>
<!-- Generated by org.testng.reporters.JUnitXMLReporter -->
<testsuite ignored="0" hostname="LTIN183367" failures="0" tests="5" name="chrome" time="39.227" errors="0" timestamp="2024-03-15T15:38:09 IST">
  <testcase classname="CASpro.Cas_Project" name="userInformation" time="9.358"/>
  <testcase classname="CASpro.Cas_Project" name="getHeader" time="0.117"/>
  <testcase classname="CASpro.Cas_Project" name="getSubHeader" time="0.106"/>
  <testcase classname="CASpro.Cas_Project" name="corporateFunction" time="5.888"/>
  <testcase classname="CASpro.Cas_Project" name="resourceLink" time="5.469"/>
</testsuite> <!-- chrome -->
