<?xml version="1.0" encoding="UTF-8"?>
<testng-results ignored="0" total="5" passed="5" failed="0" skipped="0">
  <reporter-output>
  </reporter-output>
  <suite started-at="2024-03-15T16:25:39 IST" name="Default suite" finished-at="2024-03-15T16:26:17 IST" duration-ms="38691">
    <groups>
    </groups>
    <test started-at="2024-03-15T16:25:39 IST" name="Default test" finished-at="2024-03-15T16:26:17 IST" duration-ms="38691">
      <class name="CASpro.Cas_Project">
        <test-method is-config="true" signature="setup()[pri:0, instance:CASpro.Cas_Project@55182842]" started-at="2024-03-15T16:25:39 IST" name="setup" finished-at="2024-03-15T16:25:55 IST" duration-ms="15741" status="PASS">
          <reporter-output>
          </reporter-output>
        </test-method> <!-- setup -->
        <test-method signature="userInformation()[pri:1, instance:CASpro.Cas_Project@55182842]" started-at="2024-03-15T16:25:55 IST" name="userInformation" finished-at="2024-03-15T16:25:59 IST" duration-ms="4814" status="PASS">
          <reporter-output>
          </reporter-output>
        </test-method> <!-- userInformation -->
        <test-method signature="getHeader()[pri:2, instance:CASpro.Cas_Project@55182842]" started-at="2024-03-15T16:25:59 IST" name="getHeader" finished-at="2024-03-15T16:26:00 IST" duration-ms="159" status="PASS">
          <reporter-output>
          </reporter-output>
        </test-method> <!-- getHeader -->
        <test-method signature="getSubHeader()[pri:3, instance:CASpro.Cas_Project@55182842]" started-at="2024-03-15T16:26:00 IST" name="getSubHeader" finished-at="2024-03-15T16:26:00 IST" depends-on-methods="CASpro.Cas_Project.getHeader" duration-ms="109" status="PASS">
          <reporter-output>
          </reporter-output>
        </test-method> <!-- getSubHeader -->
        <test-method signature="corporateFunction()[pri:4, instance:CASpro.Cas_Project@55182842]" started-at="2024-03-15T16:26:00 IST" name="corporateFunction" finished-at="2024-03-15T16:26:06 IST" depends-on-methods="CASpro.Cas_Project.getSubHeader" duration-ms="6311" status="PASS">
          <reporter-output>
          </reporter-output>
        </test-method> <!-- corporateFunction -->
        <test-method signature="resourceLink()[pri:5, instance:CASpro.Cas_Project@55182842]" started-at="2024-03-15T16:26:06 IST" name="resourceLink" finished-at="2024-03-15T16:26:11 IST" depends-on-methods="CASpro.Cas_Project.corporateFunction" duration-ms="5375" status="PASS">
          <reporter-output>
          </reporter-output>
        </test-method> <!-- resourceLink -->
        <test-method is-config="true" signature="done()[pri:0, instance:CASpro.Cas_Project@55182842]" started-at="2024-03-15T16:26:11 IST" name="done" finished-at="2024-03-15T16:26:17 IST" duration-ms="6018" status="PASS">
          <reporter-output>
          </reporter-output>
        </test-method> <!-- done -->
      </class> <!-- CASpro.Cas_Project -->
    </test> <!-- Default test -->
  </suite> <!-- Default suite -->
</testng-results>
